<?xml version="1.0" encoding="UTF-8"?>
<testng-results ignored="0" total="1" passed="1" failed="0" skipped="0">
  <reporter-output>
  </reporter-output>
  <suite started-at="2019-04-01T13:30:57Z" name="Default suite" finished-at="2019-04-01T13:34:26Z" duration-ms="208730">
    <groups>
    </groups>
    <test started-at="2019-04-01T13:30:57Z" name="Default test" finished-at="2019-04-01T13:34:26Z" duration-ms="208730">
      <class name="tests.AddOpportunityQuickTurn">
        <test-method is-config="true" signature="setCapabilities()[pri:0, instance:tests.AddOpportunityQuickTurn@192c3f1e]" started-at="2019-04-01T19:00:57Z" name="setCapabilities" finished-at="2019-04-01T19:01:09Z" duration-ms="12290" status="PASS">
          <reporter-output>
          </reporter-output>
        </test-method> <!-- setCapabilities -->
        <test-method signature="addOpportunityQuickTurn()[pri:1, instance:tests.AddOpportunityQuickTurn@192c3f1e]" started-at="2019-04-01T19:01:09Z" name="addOpportunityQuickTurn" finished-at="2019-04-01T19:04:26Z" duration-ms="196417" status="PASS">
          <reporter-output>
          </reporter-output>
        </test-method> <!-- addOpportunityQuickTurn -->
        <test-method is-config="true" signature="afterMethod(org.testng.ITestResult)[pri:0, instance:tests.AddOpportunityQuickTurn@192c3f1e]" started-at="2019-04-01T19:04:26Z" name="afterMethod" finished-at="2019-04-01T19:04:26Z" duration-ms="1" status="PASS">
          <params>
            <param index="0">
              <value>
                <![CDATA[[TestResult name=addOpportunityQuickTurn status=SUCCESS method=AddOpportunityQuickTurn.addOpportunityQuickTurn()[pri:1, instance:tests.AddOpportunityQuickTurn@192c3f1e] output={null}]]]>
              </value>
            </param>
          </params>
          <reporter-output>
          </reporter-output>
        </test-method> <!-- afterMethod -->
      </class> <!-- tests.AddOpportunityQuickTurn -->
    </test> <!-- Default test -->
  </suite> <!-- Default suite -->
</testng-results>
