<?xml version="1.0" encoding="UTF-8"?>
<testng-results ignored="0" total="1" passed="1" failed="0" skipped="0">
  <reporter-output>
  </reporter-output>
  <suite started-at="2020-12-30T15:55:05 IST" name="Default suite" finished-at="2020-12-30T15:55:57 IST" duration-ms="52060">
    <groups>
    </groups>
    <test started-at="2020-12-30T15:55:05 IST" name="Default test" finished-at="2020-12-30T15:55:57 IST" duration-ms="52060">
      <class name="com.testCases.ErokdaTest">
        <test-method is-config="true" signature="openBrowser()[pri:0, instance:com.testCases.ErokdaTest@1aa7ecca]" started-at="2020-12-30T15:55:05 IST" name="openBrowser" finished-at="2020-12-30T15:55:16 IST" duration-ms="10558" status="PASS">
          <reporter-output>
          </reporter-output>
        </test-method> <!-- openBrowser -->
        <test-method signature="test()[pri:1, instance:com.testCases.ErokdaTest@1aa7ecca]" started-at="2020-12-30T15:55:16 IST" name="test" finished-at="2020-12-30T15:55:57 IST" duration-ms="41423" status="PASS">
          <reporter-output>
          </reporter-output>
        </test-method> <!-- test -->
      </class> <!-- com.testCases.ErokdaTest -->
    </test> <!-- Default test -->
  </suite> <!-- Default suite -->
</testng-results>
