<?xml version="1.0" encoding="UTF-8"?>
<!-- Generated by org.testng.reporters.JUnitXMLReporter -->
<testsuite ignored="8" hostname="ankita-ThinkPad-E470" failures="8" tests="9" name="Test" time="20.288" errors="0" timestamp="2020-02-25T13:16:29 IST">
  <testcase classname="com.tests.AddCompanyTest" name="addCompanyTest" time="11.988"/>
  <testcase classname="com.tests.AddTransporterTest" name="addTransporter" time="0.001">
    <failure type="java.lang.NullPointerException">
      <![CDATA[java.lang.NullPointerException
at com.tests.AddTransporterTest.addTransporter(AddTransporterTest.java:14)
at java.base/java.util.ArrayList.forEach(ArrayList.java:1540)
... Removed 27 stack frames]]>
    </failure>
  </testcase> <!-- addTransporter -->
  <testcase classname="com.tests.AddCustomerTest" name="customerAdding" time="0.001">
    <failure type="java.lang.NullPointerException">
      <![CDATA[java.lang.NullPointerException
at com.tests.AddCustomerTest.customerAdding(AddCustomerTest.java:11)
at java.base/java.util.ArrayList.forEach(ArrayList.java:1540)
... Removed 27 stack frames]]>
    </failure>
  </testcase> <!-- customerAdding -->
  <testcase classname="com.tests.AddVehicleTest" name="addVehicle" time="0.001">
    <failure type="java.lang.NullPointerException">
      <![CDATA[java.lang.NullPointerException
at com.tests.AddVehicleTest.addVehicle(AddVehicleTest.java:14)
at java.base/java.util.ArrayList.forEach(ArrayList.java:1540)
... Removed 27 stack frames]]>
    </failure>
  </testcase> <!-- addVehicle -->
  <testcase classname="com.tests.AddSecurityGuardTest" name="addSecurityGuard" time="0.001">
    <failure type="java.lang.NullPointerException">
      <![CDATA[java.lang.NullPointerException
at com.tests.AddSecurityGuardTest.addSecurityGuard(AddSecurityGuardTest.java:11)
at java.base/java.util.ArrayList.forEach(ArrayList.java:1540)
... Removed 27 stack frames]]>
    </failure>
  </testcase> <!-- addSecurityGuard -->
  <testcase classname="com.tests.AddItemTest" name="addItem" time="0.001">
    <failure type="java.lang.NullPointerException">
      <![CDATA[java.lang.NullPointerException
at com.tests.AddItemTest.addItem(AddItemTest.java:11)
at java.base/java.util.ArrayList.forEach(ArrayList.java:1540)
... Removed 27 stack frames]]>
    </failure>
  </testcase> <!-- addItem -->
  <testcase classname="com.tests.AddMagazineTest" name="addMagazine" time="0.001">
    <failure type="java.lang.NullPointerException">
      <![CDATA[java.lang.NullPointerException
at com.tests.AddMagazineTest.addMagazine(AddMagazineTest.java:15)
at java.base/java.util.ArrayList.forEach(ArrayList.java:1540)
... Removed 27 stack frames]]>
    </failure>
  </testcase> <!-- addMagazine -->
  <testcase classname="com.tests.AddDriverTest" name="addDriver" time="0.001">
    <failure type="java.lang.NullPointerException">
      <![CDATA[java.lang.NullPointerException
at com.tests.AddDriverTest.addDriver(AddDriverTest.java:11)
at java.base/java.util.ArrayList.forEach(ArrayList.java:1540)
... Removed 27 stack frames]]>
    </failure>
  </testcase> <!-- addDriver -->
  <testcase classname="com.tests.AddSecurityAgencyTest" name="addSecurityAgency" time="0.002">
    <failure type="java.lang.NullPointerException">
      <![CDATA[java.lang.NullPointerException
at com.tests.AddSecurityAgencyTest.addSecurityAgency(AddSecurityAgencyTest.java:11)
at java.base/java.util.ArrayList.forEach(ArrayList.java:1540)
... Removed 27 stack frames]]>
    </failure>
  </testcase> <!-- addSecurityAgency -->
  <testcase classname="com.tests.StartTest" name="@BeforeTest openBrowser" time="0.0">
    <ignored/>
  </testcase> <!-- @BeforeTest openBrowser -->
  <testcase classname="com.tests.StartTest" name="@BeforeTest openBrowser" time="0.0">
    <ignored/>
  </testcase> <!-- @BeforeTest openBrowser -->
  <testcase classname="com.tests.StartTest" name="@BeforeTest openBrowser" time="0.0">
    <ignored/>
  </testcase> <!-- @BeforeTest openBrowser -->
  <testcase classname="com.tests.StartTest" name="@BeforeTest openBrowser" time="0.0">
    <ignored/>
  </testcase> <!-- @BeforeTest openBrowser -->
  <testcase classname="com.tests.StartTest" name="@BeforeTest openBrowser" time="0.0">
    <ignored/>
  </testcase> <!-- @BeforeTest openBrowser -->
  <testcase classname="com.tests.StartTest" name="@BeforeTest openBrowser" time="0.0">
    <ignored/>
  </testcase> <!-- @BeforeTest openBrowser -->
  <testcase classname="com.tests.StartTest" name="@BeforeTest openBrowser" time="0.0">
    <ignored/>
  </testcase> <!-- @BeforeTest openBrowser -->
  <testcase classname="com.tests.StartTest" name="@BeforeTest openBrowser" time="0.0">
    <ignored/>
  </testcase> <!-- @BeforeTest openBrowser -->
</testsuite> <!-- Test -->
