<?xml version="1.0" encoding="UTF-8"?>
<!-- Generated by org.testng.reporters.JUnitXMLReporter -->
<testsuite ignored="0" hostname="ankita-ThinkPad-E470" failures="0" tests="9" name="Default test" time="273.375" errors="0" timestamp="2020-07-17T12:26:44 IST">
  <testcase classname="com.tests.regression.MasterRegressionSuite" name="customerAdding" time="22.857"/>
  <testcase classname="com.tests.regression.MasterRegressionSuite" name="addItem" time="7.372"/>
  <testcase classname="com.tests.regression.MasterRegressionSuite" name="addMagazine" time="29.326"/>
  <testcase classname="com.tests.regression.MasterRegressionSuite" name="addVehicle" time="85.489"/>
  <testcase classname="com.tests.regression.MasterRegressionSuite" name="addCompanyTest" time="6.475"/>
  <testcase classname="com.tests.regression.MasterRegressionSuite" name="addTransporter" time="9.98"/>
  <testcase classname="com.tests.regression.MasterRegressionSuite" name="addSecurityAgency" time="8.32"/>
  <testcase classname="com.tests.regression.MasterRegressionSuite" name="addSecurityGuard" time="9.614"/>
  <testcase classname="com.tests.regression.MasterRegressionSuite" name="addDriver" time="59.175"/>
</testsuite> <!-- Default test -->
