<?xml version="1.0" encoding="UTF-8"?>
<!-- Generated by org.testng.reporters.JUnitXMLReporter -->
<testsuite ignored="0" hostname="ankita-ThinkPad-E470" failures="0" tests="3" name="test name PO" time="52.8" errors="0" timestamp="2020-03-05T16:23:19 IST">
  <testcase classname="com.tests.regression.CreatePoCompanyRegressionSuite" name="createNewPO" time="25.871"/>
  <testcase classname="com.tests.regression.CreatePoCompanyRegressionSuite" name="updatePoStatusApproveAdmin" time="11.189"/>
  <testcase classname="com.tests.regression.CreatePoCompanyRegressionSuite" name="updatePoStatusDispatchAdminTest" time="12.304"/>
</testsuite> <!-- test name PO -->
