<?xml version="1.0" encoding="UTF-8"?>
<!-- Generated by org.testng.reporters.JUnitXMLReporter -->
<testsuite ignored="0" hostname="ankita-ThinkPad-E470" failures="0" tests="1" name="Test" time="9.627" errors="0" timestamp="2021-02-10T16:23:15 IST">
  <testcase classname="com.tests.StartTest" name="@BeforeTest openBrowser" time="9.588">
    <failure type="java.lang.NullPointerException">
      <![CDATA[java.lang.NullPointerException
at com.pageObjects.LoginPage.usernameInput(LoginPage.java:39)
at com.tests.StartTest.openBrowser(StartTest.java:240)
... Removed 24 stack frames]]>
    </failure>
  </testcase> <!-- @BeforeTest openBrowser -->
  <testcase classname="com.library.ExtentReportsClass" name="@AfterMethod getResult" time="-1.612954395685E9">
    <skipped/>
  </testcase> <!-- @AfterMethod getResult -->
  <testcase classname="com.tests.StartTest" name="@AfterClass tearDown" time="-1.612954395687E9">
    <skipped/>
  </testcase> <!-- @AfterClass tearDown -->
  <testcase classname="com.tests.AddCompanyTest" name="addCompanyTest" time="0.0">
    <skipped/>
  </testcase> <!-- addCompanyTest -->
</testsuite> <!-- Test -->
