<?xml version="1.0" encoding="UTF-8"?>
<testng-results ignored="0" total="1" passed="1" failed="0" skipped="0">
  <reporter-output>
  </reporter-output>
  <suite started-at="2021-02-18T18:28:05 IST" name="Default suite" finished-at="2021-02-18T18:28:31 IST" duration-ms="26244">
    <groups>
    </groups>
    <test started-at="2021-02-18T18:28:05 IST" name="Default test" finished-at="2021-02-18T18:28:31 IST" duration-ms="26244">
      <class name="com.tests.AddCompanyTest">
        <test-method is-config="true" signature="setUp()[pri:0, instance:com.tests.AddCompanyTest@6ae5aa72]" started-at="2021-02-18T18:28:05 IST" name="setUp" finished-at="2021-02-18T18:28:05 IST" duration-ms="309" status="PASS">
          <reporter-output>
          </reporter-output>
        </test-method> <!-- setUp -->
        <test-method is-config="true" signature="openBrowser()[pri:0, instance:com.tests.AddCompanyTest@6ae5aa72]" started-at="2021-02-18T18:28:05 IST" name="openBrowser" finished-at="2021-02-18T18:28:20 IST" duration-ms="14600" status="PASS">
          <reporter-output>
          </reporter-output>
        </test-method> <!-- openBrowser -->
        <test-method signature="addCompanyTest()[pri:1, instance:com.tests.AddCompanyTest@6ae5aa72]" started-at="2021-02-18T18:28:20 IST" name="addCompanyTest" finished-at="2021-02-18T18:28:31 IST" duration-ms="11607" status="PASS">
          <reporter-output>
          </reporter-output>
        </test-method> <!-- addCompanyTest -->
        <test-method is-config="true" signature="afterMethod(org.testng.ITestResult)[pri:0, instance:com.tests.AddCompanyTest@6ae5aa72]" started-at="2021-02-18T18:28:31 IST" name="afterMethod" finished-at="2021-02-18T18:28:31 IST" duration-ms="1" status="PASS">
          <params>
            <param index="0">
              <value>
                <![CDATA[[TestResult name=addCompanyTest status=SUCCESS method=AddCompanyTest.addCompanyTest()[pri:1, instance:com.tests.AddCompanyTest@6ae5aa72] output={null}]]]>
              </value>
            </param>
          </params>
          <reporter-output>
          </reporter-output>
        </test-method> <!-- afterMethod -->
        <test-method is-config="true" signature="getResult(org.testng.ITestResult)[pri:0, instance:com.tests.AddCompanyTest@6ae5aa72]" started-at="2021-02-18T18:28:31 IST" name="getResult" finished-at="2021-02-18T18:28:31 IST" duration-ms="7" status="PASS">
          <params>
            <param index="0">
              <value>
                <![CDATA[[TestResult name=addCompanyTest status=SUCCESS method=AddCompanyTest.addCompanyTest()[pri:1, instance:com.tests.AddCompanyTest@6ae5aa72] output={null}]]]>
              </value>
            </param>
          </params>
          <reporter-output>
          </reporter-output>
        </test-method> <!-- getResult -->
        <test-method is-config="true" signature="tearDown()[pri:0, instance:com.tests.AddCompanyTest@6ae5aa72]" started-at="2021-02-18T18:28:31 IST" name="tearDown" finished-at="2021-02-18T18:28:32 IST" duration-ms="435" status="PASS">
          <reporter-output>
          </reporter-output>
        </test-method> <!-- tearDown -->
      </class> <!-- com.tests.AddCompanyTest -->
    </test> <!-- Default test -->
  </suite> <!-- Default suite -->
</testng-results>
